TN:
SF:C:/Users/nareshdev/Documents/angular-code/angular-testing-basic/testing-demo/src/polyfills.ts
FNF:0
FNH:0
DA:46,1
DA:60,1
LF:2
LH:2
BRF:0
BRH:0
end_of_record
TN:
SF:C:/Users/nareshdev/Documents/angular-code/angular-testing-basic/testing-demo/src/test.ts
FN:20,(anonymous_0)
FNF:1
FNH:1
FNDA:1,(anonymous_0)
DA:3,1
DA:4,1
DA:5,1
DA:6,1
DA:7,1
DA:8,1
DA:9,1
DA:10,1
DA:20,1
DA:23,1
DA:28,1
DA:30,1
DA:32,1
LF:13
LH:13
BRF:0
BRH:0
end_of_record
TN:
SF:C:/Users/nareshdev/Documents/angular-code/angular-testing-basic/testing-demo/src/app/app.component.ts
FN:8,(anonymous_1)
FN:3,AppComponent
FNF:2
FNH:2
FNDA:1,(anonymous_1)
FNDA:3,AppComponent
DA:1,1
DA:8,1
DA:9,3
DA:10,1
LF:4
LH:4
BRF:0
BRH:0
end_of_record
TN:
SF:C:/Users/nareshdev/Documents/angular-code/angular-testing-basic/testing-demo/src/app/01. fundamentals/compute.ts
FN:1,compute
FNF:1
FNH:1
FNDA:2,compute
DA:1,1
DA:2,2
DA:3,1
DA:5,1
LF:4
LH:4
BRDA:2,0,0,1
BRDA:2,0,1,1
BRF:2
BRH:2
end_of_record
TN:
SF:C:/Users/nareshdev/Documents/angular-code/angular-testing-basic/testing-demo/src/app/02 arrays-and-strings/getCurrencies.ts
FN:1,getCurrencies
FNF:1
FNH:1
FNDA:3,getCurrencies
DA:1,1
DA:2,3
LF:2
LH:2
BRF:0
BRH:0
end_of_record
TN:
SF:C:/Users/nareshdev/Documents/angular-code/angular-testing-basic/testing-demo/src/app/02 arrays-and-strings/greet.ts
FN:1,greet
FNF:1
FNH:1
FNDA:1,greet
DA:1,1
DA:2,1
LF:2
LH:2
BRF:0
BRH:0
end_of_record
TN:
SF:C:/Users/nareshdev/Documents/angular-code/angular-testing-basic/testing-demo/src/app/03 setup-and-teardown/vote.component.ts
FN:1,(anonymous_0)
FN:4,(anonymous_2)
FN:7,(anonymous_3)
FNF:3
FNH:3
FNDA:3,(anonymous_0)
FNDA:1,(anonymous_2)
FNDA:1,(anonymous_3)
DA:1,1
DA:2,2
DA:4,1
DA:5,1
DA:7,1
DA:8,1
DA:10,1
LF:7
LH:7
BRF:0
BRH:0
end_of_record
TN:
SF:C:/Users/nareshdev/Documents/angular-code/angular-testing-basic/testing-demo/src/app/04 forms/todo-form.component.ts
FN:3,(anonymous_0)
FN:5,TodoFormComponent
FNF:2
FNH:2
FNDA:1,(anonymous_0)
FNDA:2,TodoFormComponent
DA:1,1
DA:3,1
DA:6,2
DA:11,1
LF:4
LH:4
BRF:0
BRH:0
end_of_record
TN:
SF:C:/Users/nareshdev/Documents/angular-code/angular-testing-basic/testing-demo/src/app/05 event-emitters/vote-component.ts
FN:3,(anonymous_0)
FN:7,(anonymous_2)
FNF:2
FNH:2
FNDA:2,(anonymous_0)
FNDA:1,(anonymous_2)
DA:1,1
DA:3,1
DA:4,1
DA:5,1
DA:7,1
DA:8,1
DA:9,1
DA:11,1
LF:8
LH:8
BRF:0
BRH:0
end_of_record
TN:
SF:C:/Users/nareshdev/Documents/angular-code/angular-testing-basic/testing-demo/src/app/06. services/todos.component.ts
FN:3,(anonymous_0)
FN:6,TodosComponent
FN:9,(anonymous_2)
FN:10,(anonymous_3)
FN:12,(anonymous_4)
FN:15,(anonymous_5)
FN:16,(anonymous_6)
FN:19,(anonymous_7)
FN:21,(anonymous_8)
FNF:9
FNH:8
FNDA:1,(anonymous_0)
FNDA:6,TodosComponent
FNDA:1,(anonymous_2)
FNDA:1,(anonymous_3)
FNDA:3,(anonymous_4)
FNDA:1,(anonymous_5)
FNDA:1,(anonymous_6)
FNDA:1,(anonymous_7)
FNDA:0,(anonymous_8)
DA:3,1
DA:4,6
DA:6,6
DA:9,1
DA:10,1
DA:12,3
DA:13,3
DA:14,3
DA:15,1
DA:16,1
DA:19,1
DA:20,1
DA:21,0
DA:23,1
LF:14
LH:13
BRDA:20,0,0,0
BRDA:20,0,1,1
BRF:2
BRH:1
end_of_record
TN:
SF:C:/Users/nareshdev/Documents/angular-code/angular-testing-basic/testing-demo/src/app/06. services/todos.service.ts
FN:4,(anonymous_0)
FN:5,TodoService
FN:8,(anonymous_2)
FN:9,(anonymous_3)
FN:11,(anonymous_4)
FN:12,(anonymous_5)
FN:14,(anonymous_6)
FN:15,(anonymous_7)
FNF:8
FNH:2
FNDA:1,(anonymous_0)
FNDA:6,TodoService
FNDA:0,(anonymous_2)
FNDA:0,(anonymous_3)
FNDA:0,(anonymous_4)
FNDA:0,(anonymous_5)
FNDA:0,(anonymous_6)
FNDA:0,(anonymous_7)
DA:2,1
DA:4,1
DA:5,6
DA:8,1
DA:9,0
DA:11,1
DA:12,0
DA:14,1
DA:15,0
DA:17,1
LF:10
LH:7
BRF:0
BRH:0
end_of_record
